<?xml version="1.0" encoding="UTF-8" standalone="yes" ?>
<test-results name="C:\Users\Kaushik\Documents\Embarcadero\Studio\Projects\Win32\Debug\Calculator_unitTest.exe" total="2" errors="0" failures="0" ignored="0" inconclusive="0" not-run="0" skipped="0" invalid="0" date="2018-05-29" time="0.023">
  <culture-info current-culture="en" current-uiculture="en" />
  <test-suite type="Assembly" name="Calculator_unitTest.exe" executed="true" result="Success" success="True" time="0.023" asserts="0">
    <results>
        <test-suite type="Namespace" name="Unit5" executed="true" result="Success" success="True" time="0.023" asserts="0" >
          <results>
              <test-suite type="Fixture" name="TTestCalc" executed="True" result="Success" success="True" time="0.023" >
                <results>
                  <test-case name="Test2.TestA" executed="True" result="Success" success="True" time="0.016" asserts="0" />
                  <test-case name="Test2.TestB" executed="True" result="Success" success="True" time="0.006" asserts="0" />
                </results>
              </test-suite>
          </results>
        </test-suite>
    </results>
  </test-suite>
</test-results>
